<?xml version="1.0" encoding="UTF-8"?>
<!-- Generated by org.testng.reporters.JUnitXMLReporter -->
<testsuite ignored="0" hostname="Gulshan" failures="0" tests="3" name="Default test" time="41.605" errors="0" timestamp="06 Jun 2024 05:50:48 GMT">
  <testcase classname="com.comcast.crm.ContactTest.CreateContactTest" name="createContactTest" time="8.316"/>
  <testcase classname="com.comcast.crm.ContactTest.CreateContactTest" name="createContactWithOrganizationName" time="14.037"/>
  <testcase classname="com.comcast.crm.ContactTest.CreateContactTest" name="createContactWithSupportDate" time="7.062"/>
</testsuite> <!-- Default test -->
