<?xml version="1.0" encoding="UTF-8"?>
<!-- Generated by org.testng.reporters.JUnitXMLReporter -->
<testsuite ignored="2" hostname="Gulshan" failures="0" tests="1" name="Default test" time="474.945" errors="0" timestamp="21 May 2024 13:19:00 GMT">
  <testcase classname="com.comcast.crm.OrgTest.CreateOrganizationTest" name="createOrgTest" time="117.851"/>
  <testcase classname="com.comcast.crm.OrgTest.CreateOrganizationTest" name="createOrganizationWithPhoneNumberTest" time="0.0">
    <ignored/>
  </testcase> <!-- createOrganizationWithPhoneNumberTest -->
  <testcase classname="com.comcast.crm.OrgTest.CreateOrganizationTest" name="createOrganizationWithIndustryTest" time="0.0">
    <ignored/>
  </testcase> <!-- createOrganizationWithIndustryTest -->
</testsuite> <!-- Default test -->
