<?xml version="1.0" encoding="UTF-8"?>
<!-- Generated by org.testng.reporters.JUnitXMLReporter -->
<testsuite ignored="2" hostname="Gulshan" failures="0" tests="6" name="chrome_Test" time="82.81" errors="0" timestamp="13 May 2024 18:44:12 GMT">
  <testcase classname="com.comcast.crm.OrgTest.CreateOrganizationTest" name="createOrgTest" time="8.659"/>
  <testcase classname="com.comcast.crm.OrgTest.CreateOrganizationTest" name="createOrganizationWithIndustryTest" time="8.007"/>
  <testcase classname="com.comcast.crm.OrgTest.CreateOrganizationTest" name="createOrganizationWithPhoneNumberTest" time="8.33"/>
  <testcase classname="com.comcast.crm.ContactTest.CreateContactTest" name="createContactTest" time="8.183"/>
  <testcase classname="com.comcast.crm.ContactTest.CreateContactTest" name="createContactWithOrganizationName" time="15.814"/>
  <testcase classname="com.comcast.crm.ContactTest.CreateContactTest" name="createContactWithSupportDate" time="8.358"/>
  <testcase classname="com.comcast.crm.BaseTest.BaseClass" name="@AfterSuite configAS" time="0.0">
    <ignored/>
  </testcase> <!-- @AfterSuite configAS -->
  <testcase classname="com.comcast.crm.BaseTest.BaseClass" name="@BeforeSuite configBS" time="0.0">
    <ignored/>
  </testcase> <!-- @BeforeSuite configBS -->
</testsuite> <!-- chrome_Test -->
