<?xml version="1.0" encoding="UTF-8"?>
<!-- Generated by org.testng.reporters.JUnitXMLReporter -->
<testsuite ignored="2" hostname="Gulshan" failures="0" tests="6" name="edge_Test" time="85.035" errors="0" timestamp="13 May 2024 18:44:14 GMT">
  <testcase classname="com.comcast.crm.OrgTest.CreateOrganizationTest" name="createOrgTest" time="8.287"/>
  <testcase classname="com.comcast.crm.OrgTest.CreateOrganizationTest" name="createOrganizationWithIndustryTest" time="8.223"/>
  <testcase classname="com.comcast.crm.OrgTest.CreateOrganizationTest" name="createOrganizationWithPhoneNumberTest" time="7.979"/>
  <testcase classname="com.comcast.crm.ContactTest.CreateContactTest" name="createContactTest" time="8.052"/>
  <testcase classname="com.comcast.crm.ContactTest.CreateContactTest" name="createContactWithOrganizationName" time="17.075"/>
  <testcase classname="com.comcast.crm.ContactTest.CreateContactTest" name="createContactWithSupportDate" time="7.777"/>
  <testcase classname="com.comcast.crm.BaseTest.BaseClass" name="@AfterSuite configAS" time="0.0">
    <ignored/>
  </testcase> <!-- @AfterSuite configAS -->
  <testcase classname="com.comcast.crm.BaseTest.BaseClass" name="@BeforeSuite configBS" time="0.0">
    <ignored/>
  </testcase> <!-- @BeforeSuite configBS -->
</testsuite> <!-- edge_Test -->
