<?xml version="1.0" encoding="UTF-8"?>
<!-- Generated by org.testng.reporters.JUnitXMLReporter -->
<testsuite ignored="0" hostname="Gulshan" failures="0" tests="3" name="Test1" time="46.949" errors="0" timestamp="16 May 2024 04:06:32 GMT">
  <testcase classname="com.comcast.crm.ContactTest.CreateContactTest" name="createContactTest" time="9.099"/>
  <testcase classname="com.comcast.crm.ContactTest.CreateContactTest" name="createContactWithOrganizationName" time="16.38"/>
  <testcase classname="com.comcast.crm.ContactTest.CreateContactTest" name="createContactWithSupportDate" time="7.622"/>
</testsuite> <!-- Test1 -->
