<?xml version="1.0" encoding="UTF-8"?>
<!-- Generated by org.testng.reporters.JUnitXMLReporter -->
<testsuite ignored="6" hostname="Gulshan" failures="0" tests="2" name="Test" time="50.426" errors="0" timestamp="31 May 2024 07:43:23 GMT">
  <testcase classname="com.comcast.crm.OrgTest.CreateOrganizationTest" name="createOrgTest" time="20.134"/>
  <testcase classname="com.comcast.crm.ContactTest.CreateContactTest" name="createContactTest" time="6.719"/>
  <testcase classname="com.comcast.crm.OrgTest.CreateOrganizationTest" name="createOrganizationWithPhoneNumberTest" time="0.0">
    <ignored/>
  </testcase> <!-- createOrganizationWithPhoneNumberTest -->
  <testcase classname="com.comcast.crm.ContactTest.CreateContactTest" name="createContactWithOrganizationName" time="0.0">
    <ignored/>
  </testcase> <!-- createContactWithOrganizationName -->
  <testcase classname="com.comcast.crm.OrgTest.CreateOrganizationTest" name="createOrganizationWithIndustryTest" time="0.0">
    <ignored/>
  </testcase> <!-- createOrganizationWithIndustryTest -->
  <testcase classname="com.comcast.crm.BaseTest.BaseClass" name="@AfterSuite configAS" time="0.0">
    <ignored/>
  </testcase> <!-- @AfterSuite configAS -->
  <testcase classname="com.comcast.crm.BaseTest.BaseClass" name="@BeforeSuite configBS" time="0.0">
    <ignored/>
  </testcase> <!-- @BeforeSuite configBS -->
  <testcase classname="com.comcast.crm.ContactTest.CreateContactTest" name="createContactWithSupportDate" time="0.0">
    <ignored/>
  </testcase> <!-- createContactWithSupportDate -->
</testsuite> <!-- Test -->
