<?xml version="1.0" encoding="UTF-8"?>
<!-- Generated by org.testng.reporters.JUnitXMLReporter -->
<testsuite ignored="2" hostname="Gulshan" failures="0" tests="1" name="Test1(failed)" time="10.424" errors="0" timestamp="13 May 2024 13:01:16 GMT">
  <testcase classname="com.comcast.crm.ContactTest.CreateContactTest" name="createContactTest" time="5.718"/>
  <testcase classname="com.comcast.crm.ContactTest.CreateContactTest" name="createContactWithOrganizationName" time="0.0">
    <ignored/>
  </testcase> <!-- createContactWithOrganizationName -->
  <testcase classname="com.comcast.crm.ContactTest.CreateContactTest" name="createContactWithSupportDate" time="0.0">
    <ignored/>
  </testcase> <!-- createContactWithSupportDate -->
</testsuite> <!-- Test1(failed) -->
