<?xml version="1.0" encoding="UTF-8"?>
<testng-results ignored="2" total="3" passed="1" failed="0" skipped="0">
  <reporter-output>
    <line>
      <![CDATA[Report configuration]]>
    </line>
    <line>
      <![CDATA[==chrome Browser launching==]]>
    </line>
    <line>
      <![CDATA[=====createOrgTest===Start===]]>
    </line>
    <line>
      <![CDATA[OrgName faceBook_4601 is created==>PASS]]>
    </line>
    <line>
      <![CDATA[=====createOrgTest===End===]]>
    </line>
    <line>
      <![CDATA[==closing the browser==]]>
    </line>
    <line>
      <![CDATA[==close DB==]]>
    </line>
  </reporter-output>
  <suite started-at="2024-05-21T13:11:05Z" name="Default suite" finished-at="2024-05-21T13:19:00Z" duration-ms="474945">
    <groups>
      <group name="smoke">
        <method signature="CreateOrganizationTest.createOrgTest()[pri:0, instance:com.comcast.crm.OrgTest.CreateOrganizationTest@d41f816]" name="createOrgTest" class="com.comcast.crm.OrgTest.CreateOrganizationTest"/>
      </group> <!-- smoke -->
    </groups>
    <test started-at="2024-05-21T13:11:05Z" name="Default test" finished-at="2024-05-21T13:19:00Z" duration-ms="474945">
      <class name="com.comcast.crm.OrgTest.CreateOrganizationTest">
        <test-method is-config="true" signature="configBS()[pri:0, instance:com.comcast.crm.OrgTest.CreateOrganizationTest@d41f816]" started-at="2024-05-21T13:09:40Z" name="configBS" finished-at="2024-05-21T13:10:21Z" duration-ms="41524" status="PASS">
          <reporter-output>
          </reporter-output>
        </test-method> <!-- configBS -->
        <test-method is-config="true" signature="configBC(java.lang.String)[pri:0, instance:com.comcast.crm.OrgTest.CreateOrganizationTest@d41f816]" started-at="2024-05-21T13:11:05Z" name="configBC" finished-at="2024-05-21T13:15:16Z" duration-ms="250588" status="PASS">
          <params>
            <param index="0">
              <value>
                <![CDATA[chrome]]>
              </value>
            </param>
          </params>
          <reporter-output>
            <line>
              <![CDATA[==chrome Browser launching==]]>
            </line>
          </reporter-output>
        </test-method> <!-- configBC -->
        <test-method is-config="true" signature="configBM()[pri:0, instance:com.comcast.crm.OrgTest.CreateOrganizationTest@d41f816]" started-at="2024-05-21T13:15:16Z" name="configBM" finished-at="2024-05-21T13:16:12Z" duration-ms="56100" status="PASS">
          <reporter-output>
          </reporter-output>
        </test-method> <!-- configBM -->
        <test-method signature="createOrgTest()[pri:0, instance:com.comcast.crm.OrgTest.CreateOrganizationTest@d41f816]" started-at="2024-05-21T13:16:12Z" name="createOrgTest" finished-at="2024-05-21T13:18:10Z" duration-ms="117851" status="PASS">
          <reporter-output>
            <line>
              <![CDATA[=====createOrgTest===Start===]]>
            </line>
            <line>
              <![CDATA[OrgName faceBook_4601 is created==>PASS]]>
            </line>
            <line>
              <![CDATA[=====createOrgTest===End===]]>
            </line>
          </reporter-output>
        </test-method> <!-- createOrgTest -->
        <test-method is-config="true" signature="comfigAM()[pri:0, instance:com.comcast.crm.OrgTest.CreateOrganizationTest@d41f816]" started-at="2024-05-21T13:18:10Z" name="comfigAM" finished-at="2024-05-21T13:18:56Z" duration-ms="46198" status="PASS">
          <reporter-output>
          </reporter-output>
        </test-method> <!-- comfigAM -->
        <test-method is-config="true" signature="configAC()[pri:0, instance:com.comcast.crm.OrgTest.CreateOrganizationTest@d41f816]" started-at="2024-05-21T13:18:56Z" name="configAC" finished-at="2024-05-21T13:19:00Z" duration-ms="3749" status="PASS">
          <reporter-output>
            <line>
              <![CDATA[==closing the browser==]]>
            </line>
          </reporter-output>
        </test-method> <!-- configAC -->
        <test-method is-config="true" signature="configAS()[pri:0, instance:com.comcast.crm.OrgTest.CreateOrganizationTest@d41f816]" started-at="2024-05-21T13:19:00Z" name="configAS" finished-at="2024-05-21T13:19:07Z" duration-ms="6570" status="PASS">
          <reporter-output>
            <line>
              <![CDATA[==close DB==]]>
            </line>
          </reporter-output>
        </test-method> <!-- configAS -->
      </class> <!-- com.comcast.crm.OrgTest.CreateOrganizationTest -->
    </test> <!-- Default test -->
  </suite> <!-- Default suite -->
</testng-results>
